mode: set
github.com/tmatsumor/practice_go_hsd/hsd.go:5.42,7.2 1 1
github.com/tmatsumor/practice_go_hsd/hsd.go:10.32,12.22 2 1
github.com/tmatsumor/practice_go_hsd/hsd.go:12.22,14.3 1 1
github.com/tmatsumor/practice_go_hsd/hsd.go:15.2,15.19 1 1
github.com/tmatsumor/practice_go_hsd/hsd.go:15.19,16.19 1 1
github.com/tmatsumor/practice_go_hsd/hsd.go:16.19,18.4 1 1
github.com/tmatsumor/practice_go_hsd/hsd.go:20.2,20.13 1 1
github.com/tmatsumor/practice_go_hsd/hsd.go:23.17,25.2 1 0
github.com/tmatsumor/practice_go_hsd/hsd.go:27.16,29.2 1 0
